PDOException: SQLSTATE[HY000] [1045] Access denied for user 'DB_USER'@'localhost' (using password: YES) in /Applications/MAMP/htdocs/dbconnect.php:23
Stack trace:
#0 /Applications/MAMP/htdocs/dbconnect.php(23): PDO->__construct('mysql:host=loca...', 'DB_USER', 'fukusan123', Array)
#1 /Applications/MAMP/htdocs/classes/UserLogic.php(25): connect()
#2 /Applications/MAMP/htdocs/public/register.php(35): UserLogic::createUser(Array)
#3 {main}PDOException: SQLSTATE[22001]: String data, right truncated: 1406 Data too long for column 'name' at row 1 in /Applications/MAMP/htdocs/classes/UserLogic.php:26
Stack trace:
#0 /Applications/MAMP/htdocs/classes/UserLogic.php(26): PDOStatement->execute(Array)
#1 /Applications/MAMP/htdocs/public/register.php(35): UserLogic::createUser(Array)
#2 {main}PDOException: SQLSTATE[23000]: Integrity constraint violation: 1062 Duplicate entry 'fuku@test.com' for key 'email' in /Applications/MAMP/htdocs/classes/UserLogic.php:26
Stack trace:
#0 /Applications/MAMP/htdocs/classes/UserLogic.php(26): PDOStatement->execute(Array)
#1 /Applications/MAMP/htdocs/public/register.php(35): UserLogic::createUser(Array)
#2 {main}PDOException: SQLSTATE[HY000] [1045] Access denied for user 'fuku'@'localhost' (using password: YES) in C:\xampp\htdocs\dbconnect.php:15
Stack trace:
#0 C:\xampp\htdocs\dbconnect.php(15): PDO->__construct('mysql:host=loca...', 'fuku', 'fukusan123', Array)
#1 C:\xampp\htdocs\classes\UserLogic.php(25): connect()
#2 C:\xampp\htdocs\public\register.php(35): UserLogic::createUser(Array)
#3 {main}PDOException: SQLSTATE[23000]: Integrity constraint violation: 1062 Duplicate entry 'ryo.kodaira86@gmail.com' for key 'email' in C:\xampp\htdocs\classes\UserLogic.php:26
Stack trace:
#0 C:\xampp\htdocs\classes\UserLogic.php(26): PDOStatement->execute(Array)
#1 C:\xampp\htdocs\public\register.php(35): UserLogic::createUser(Array)
#2 {main}PDOException: SQLSTATE[23000]: Integrity constraint violation: 1062 Duplicate entry 'ryo.kodaira86@gmail.com' for key 'email' in C:\xampp\htdocs\classes\UserLogic.php:26
Stack trace:
#0 C:\xampp\htdocs\classes\UserLogic.php(26): PDOStatement->execute(Array)
#1 C:\xampp\htdocs\public\register.php(35): UserLogic::createUser(Array)
#2 {main}PDOException: SQLSTATE[HY000] [2002] 対象のコンピューターによって拒否されたため、接続できませんでした。 in C:\xampp\htdocs\dbconnect.php:15
Stack trace:
#0 C:\xampp\htdocs\dbconnect.php(15): PDO->__construct('mysql:host=loca...', 'root', '', Array)
#1 C:\xampp\htdocs\classes\UserLogic.php(25): connect()
#2 C:\xampp\htdocs\public\register.php(35): UserLogic::createUser(Array)
#3 {main}PDOException: SQLSTATE[HY000] [1049] Unknown database 'users' in C:\xampp\htdocs\dbconnect.php:15
Stack trace:
#0 C:\xampp\htdocs\dbconnect.php(15): PDO->__construct('mysql:host=loca...', 'root', '', Array)
#1 C:\xampp\htdocs\classes2\UserLogic.php(25): connect()
#2 C:\xampp\htdocs\tennis\register.php(32): UserLogic::createUser(Array)
#3 {main}PDOException: SQLSTATE[HY000] [1049] Unknown database 'users' in C:\xampp\htdocs\dbconnect.php:15
Stack trace:
#0 C:\xampp\htdocs\dbconnect.php(15): PDO->__construct('mysql:host=loca...', 'root', '', Array)
#1 C:\xampp\htdocs\classes2\UserLogic.php(25): connect()
#2 C:\xampp\htdocs\tennis\register.php(32): UserLogic::createUser(Array)
#3 {main}PDOException: SQLSTATE[HY000] [2002] 対象のコンピューターによって拒否されたため、接続できませんでした。 in C:\xampp\htdocs\dbconnect.php:15
Stack trace:
#0 C:\xampp\htdocs\dbconnect.php(15): PDO->__construct('mysql:host=loca...', 'root', '', Array)
#1 C:\xampp\htdocs\classes2\UserLogic.php(25): connect()
#2 C:\xampp\htdocs\tennis\register.php(32): UserLogic::createUser(Array)
#3 {main}PDOException: SQLSTATE[HY000] [2002] 対象のコンピューターによって拒否されたため、接続できませんでした。 in C:\xampp\htdocs\dbconnect.php:15
Stack trace:
#0 C:\xampp\htdocs\dbconnect.php(15): PDO->__construct('mysql:host=loca...', 'root', '', Array)
#1 C:\xampp\htdocs\classes2\UserLogic.php(25): connect()
#2 C:\xampp\htdocs\tennis\register.php(32): UserLogic::createUser(Array)
#3 {main}PDOException: SQLSTATE[42S02]: Base table or view not found: 1146 Table 'tennis.tennis' doesn't exist in C:\xampp\htdocs\classes2\UserLogic.php:26
Stack trace:
#0 C:\xampp\htdocs\classes2\UserLogic.php(26): PDOStatement->execute(Array)
#1 C:\xampp\htdocs\tennis\register.php(32): UserLogic::createUser(Array)
#2 {main}PDOException: SQLSTATE[23000]: Integrity constraint violation: 1048 Column 'name' cannot be null in C:\xampp\htdocs\classes2\UserLogic.php:26
Stack trace:
#0 C:\xampp\htdocs\classes2\UserLogic.php(26): PDOStatement->execute(Array)
#1 C:\xampp\htdocs\tennis\register.php(35): UserLogic::createUser(Array)
#2 {main}